[     726ms] [ERROR] Failed to load resource: the server responded with a status of 403 () @ https://www.spriters-resource.com/manifest.json:0
[     726ms] [ERROR] Manifest fetch from https://www.spriters-resource.com/manifest.json failed, code 403 @ https://www.spriters-resource.com/game_boy_advance/pokemonemerald/:0
[     770ms] [WARNING] fun-hooks: referenced 'firstPartyData' but it was never created @ https://s.nitropay.com/ads-69.js:1
[     775ms] [INFO] NitroAds: Loaded.  Version: 20260522 325b767, Geo: IL TA Timeout: 2200. @ https://s.nitropay.com/ads-69.js:1
[     953ms] [WARNING] [GPT] PubAdsService.disableInitialLoad is deprecated, use googletag.setConfig({disableInitialLoad: ...}) instead.
https://goo.gle/gpt-message#170 @ https://securepubads.g.doubleclick.net/pagead/managed/js/gpt/m202606090101/pubads_impl.js:18
[     966ms] [INFO] NitroAds: Ad Unit: nitro-anchor, anchor-v2, 019ec699-2055-7579-83b5-0823998eb96c @ https://s.nitropay.com/ads-69.js:1
[     966ms] [WARNING] NitroAds: [nitro-banner-top] no valid sizes available for nitro-banner-top @ https://s.nitropay.com/ads-69.js:1
[     987ms] [ERROR] Failed to load resource: the server responded with a status of 403 () @ https://www.spriters-resource.com/manifest.json:0
[     988ms] [ERROR] Manifest fetch from https://www.spriters-resource.com/manifest.json failed, code 403 @ https://www.spriters-resource.com/game_boy_advance/pokemonemerald/:0
[     998ms] [INFO] NitroAds: Ad Unit: asset-display-auto-1, display, 019ec699-2075-7e0f-ab0e-453d761d3d2e @ https://s.nitropay.com/ads-69.js:1
[    1029ms] [INFO] NitroAds: Ad Unit: nitro-outstream, floating, 019ec699-2093-77a2-bdb6-443f97ad1d34 @ https://s.nitropay.com/ads-69.js:1
[    1116ms] [ERROR] Failed to load resource: the server responded with a status of 401 (Unauthorized) @ https://prebid-server.rubiconproject.com/openrtb2/auction:0
[    3193ms] [WARNING] [GPT] Slot.setTargeting is deprecated, use Slot.setConfig({targeting: ...}) instead.
https://goo.gle/gpt-message#171 @ https://securepubads.g.doubleclick.net/pagead/managed/js/gpt/m202606090101/pubads_impl.js:18
[    3444ms] [ERROR] Failed to load resource: net::ERR_NAME_NOT_RESOLVED @ https://visitor-iqzone.omnitagjs.com/visitor/bsync?uid=9ad5ea74eb6daacb66ec769f76978abc&name=GEN1&url=https%3A%2F%2Fsync.iqzonertb.live%2Fpsync%3Ft%3Dd%26e%3D466%26u%3D%5BUID%5D:0
[    3454ms] [ERROR] Failed to load resource: the server responded with a status of 404 (Not Found) @ https://b1sync.zemanta.com/usersync/ogury/?gdpr=0&gdpr_consent=&cb=https%3A%2F%2Fms-cookie-sync.presage.io%2Fuser-sync%3Foutbrain_id%3D__ZUID__:0
[    3558ms] [WARNING] An iframe which has both allow-scripts and allow-same-origin for its sandbox attribute can escape its sandboxing. @ https://s.nitropay.com/ads-69.js:1
[    3444ms] [ERROR] Failed to load resource: net::ERR_NAME_NOT_RESOLVED @ https://visitor-iqzone.omnitagjs.com/visitor/bsync?uid=9ad5ea74eb6daacb66ec769f76978abc&name=GEN1&url=https%3A%2F%2Fsync.iqzonertb.live%2Fpsync%3Ft%3Dd%26e%3D466%26u%3D%5BUID%5D:0
[    3454ms] [ERROR] Failed to load resource: the server responded with a status of 404 (Not Found) @ https://b1sync.zemanta.com/usersync/ogury/?gdpr=0&gdpr_consent=&cb=https%3A%2F%2Fms-cookie-sync.presage.io%2Fuser-sync%3Foutbrain_id%3D__ZUID__:0
[    3578ms] [WARNING] An iframe which has both allow-scripts and allow-same-origin for its sandbox attribute can escape its sandboxing. @ https://s.nitropay.com/ads-69.js:1
[    4021ms] [ERROR] Attestation check for Shared Storage on https://www.googleadservices.com failed. @ https://www.googleadservices.com/pagead/managed/js/activeview/current/reach_worklet.html:0
[    4360ms] [TIMEEND] a: 0.0009765625 ms @ https://static.adsafeprotected.com/sca.17.6.4.js:31
[   30967ms] [WARNING] NitroAds: [nitro-banner-top] no valid sizes available for nitro-banner-top @ https://s.nitropay.com/ads-69.js:1
